<?xml version="1.0" encoding="UTF-8"?>
<!-- Generated by org.testng.reporters.JUnitReportReporter -->
<testsuite skipped="0" hostname="DESKTOP-ADGCHK6" name="com.ebanking.master.RoleNg" tests="3" failures="0" timestamp="2022-08-25T20:08:22 IST" time="3.770" errors="0">
  <testcase name="Rol" time="1.068" classname="com.ebanking.master.RoleNg"/>
  <system-out/>
  <testcase name="Rol" time="1.607" classname="com.ebanking.master.RoleNg"/>
  <system-out/>
  <testcase name="Rol" time="1.095" classname="com.ebanking.master.RoleNg"/>
  <system-out/>
</testsuite> <!-- com.ebanking.master.RoleNg -->
