<?xml version="1.0" encoding="UTF-8"?>
<!-- Generated by org.testng.reporters.JUnitReportReporter -->
<testsuite skipped="0" hostname="DESKTOP-ADGCHK6" name="com.ebanking.scripts.SampleNG" tests="2" failures="0" timestamp="2022-08-23T20:28:46 IST" time="27.587" errors="0">
  <testcase name="bcd" time="13.978" classname="com.ebanking.scripts.SampleNG"/>
  <system-out/>
  <testcase name="abc" time="13.609" classname="com.ebanking.scripts.SampleNG"/>
  <system-out/>
</testsuite> <!-- com.ebanking.scripts.SampleNG -->
